<?xml version="1.0" encoding="UTF-8"?>
<problems>
  <problem>
    <file>file://$PROJECT_DIR$/app/src/test/java/com/bestteam/libvidd/mockitoTest.java</file>
    <line>19</line>
    <module>app</module>
    <package>com.bestteam.libvidd</package>
    <entry_point TYPE="class" FQNAME="com.bestteam.libvidd.mockitoTest" />
    <problem_class severity="WARNING" attribute_key="WARNING_ATTRIBUTES">Convert JUnit Tests to TestNG</problem_class>
    <description>TestCase can be converted to TestNG</description>
  </problem>
  <problem>
    <file>file://$PROJECT_DIR$/app/src/test/java/com/bestteam/libvidd/ExampleUnitTest.java</file>
    <line>12</line>
    <module>app</module>
    <package>com.bestteam.libvidd</package>
    <entry_point TYPE="class" FQNAME="com.bestteam.libvidd.ExampleUnitTest" />
    <problem_class severity="WARNING" attribute_key="WARNING_ATTRIBUTES">Convert JUnit Tests to TestNG</problem_class>
    <description>TestCase can be converted to TestNG</description>
  </problem>
  <problem>
    <file>file://$PROJECT_DIR$/app/src/androidTest/java/com/bestteam/libvidd/ExampleInstrumentedTest.java</file>
    <line>18</line>
    <module>app</module>
    <package>com.bestteam.libvidd</package>
    <entry_point TYPE="class" FQNAME="com.bestteam.libvidd.ExampleInstrumentedTest" />
    <problem_class severity="WARNING" attribute_key="WARNING_ATTRIBUTES">Convert JUnit Tests to TestNG</problem_class>
    <description>TestCase can be converted to TestNG</description>
  </problem>
  <problem>
    <file>file://$PROJECT_DIR$/app/src/androidTest/java/com/bestteam/libvidd/espressoTest.java</file>
    <line>28</line>
    <module>app</module>
    <package>com.bestteam.libvidd</package>
    <entry_point TYPE="class" FQNAME="com.bestteam.libvidd.espressoTest" />
    <problem_class severity="WARNING" attribute_key="WARNING_ATTRIBUTES">Convert JUnit Tests to TestNG</problem_class>
    <description>TestCase can be converted to TestNG</description>
  </problem>
  <problem>
    <file>file://$PROJECT_DIR$/app/src/androidTest/java/com/bestteam/libvidd/uiauto.java</file>
    <line>31</line>
    <module>app</module>
    <package>com.bestteam.libvidd</package>
    <entry_point TYPE="class" FQNAME="com.bestteam.libvidd.uiauto" />
    <problem_class severity="WARNING" attribute_key="WARNING_ATTRIBUTES">Convert JUnit Tests to TestNG</problem_class>
    <description>TestCase can be converted to TestNG</description>
  </problem>
</problems>

