<?xml version="1.0" encoding="UTF-8"?>
<problems>
  <problem>
    <file>file://$PROJECT_DIR$/app/src/test/java/com/bestteam/libvidd/mockitoTest.java</file>
    <line>19</line>
    <module>app</module>
    <package>com.bestteam.libvidd</package>
    <entry_point TYPE="class" FQNAME="com.bestteam.libvidd.mockitoTest" />
    <problem_class severity="WARNING" attribute_key="WARNING_ATTRIBUTES">JUnit test class naming convention</problem_class>
    <description>JUnit test class name &lt;code&gt;mockitoTest&lt;/code&gt; doesn't match regex '[A-Z][A-Za-z\d]*Test' #loc</description>
  </problem>
  <problem>
    <file>file://$PROJECT_DIR$/app/src/androidTest/java/com/bestteam/libvidd/espressoTest.java</file>
    <line>28</line>
    <module>app</module>
    <package>com.bestteam.libvidd</package>
    <entry_point TYPE="class" FQNAME="com.bestteam.libvidd.espressoTest" />
    <problem_class severity="WARNING" attribute_key="WARNING_ATTRIBUTES">JUnit test class naming convention</problem_class>
    <description>JUnit test class name &lt;code&gt;espressoTest&lt;/code&gt; doesn't match regex '[A-Z][A-Za-z\d]*Test' #loc</description>
  </problem>
  <problem>
    <file>file://$PROJECT_DIR$/app/src/androidTest/java/com/bestteam/libvidd/uiauto.java</file>
    <line>31</line>
    <module>app</module>
    <package>com.bestteam.libvidd</package>
    <entry_point TYPE="class" FQNAME="com.bestteam.libvidd.uiauto" />
    <problem_class severity="WARNING" attribute_key="WARNING_ATTRIBUTES">JUnit test class naming convention</problem_class>
    <description>JUnit test class name &lt;code&gt;uiauto&lt;/code&gt; is too short (6 &lt; 8) #loc</description>
  </problem>
</problems>

